\BOOKMARK [1][-]{section.1}{\376\377\137\025\212\000}{}% 1
\BOOKMARK [1][-]{section.2}{\376\377\145\160\143\156\116\016\230\204\131\004\164\006}{}% 2
\BOOKMARK [2][-]{subsection.2.1}{\376\377\213\355\145\231\147\145\156\220}{section.2}% 3
\BOOKMARK [2][-]{subsection.2.2}{\376\377\230\204\131\004\164\006\155\101\172\013}{section.2}% 4
\BOOKMARK [1][-]{section.3}{\376\377\145\271\154\325}{}% 5
\BOOKMARK [2][-]{subsection.3.1}{\376\377\000A\000I\225\032\133\232\167\355\213\355\116\016\151\202\137\365\124\021\221\317}{section.3}% 6
\BOOKMARK [2][-]{subsection.3.2}{\376\377\117\131\137\046\166\370\117\074\136\246\116\016\126\375\133\266\200\132\124\010}{section.3}% 7
\BOOKMARK [1][-]{section.4}{\376\377\176\323\147\234}{}% 8
\BOOKMARK [2][-]{subsection.4.1}{\376\377\145\164\117\123\122\006\136\003}{section.4}% 9
\BOOKMARK [2][-]{subsection.4.2}{\376\377\124\004\176\364\136\246\000A\000I\151\202\137\365\124\021\221\317\166\370\121\163\140\047\150\300\232\214}{section.4}% 10
\BOOKMARK [2][-]{subsection.4.3}{\376\377\126\375\133\266\143\222\124\015}{section.4}% 11
\BOOKMARK [2][-]{subsection.4.4}{\376\377\122\006\176\304\173\261\176\277\126\376}{section.4}% 12
\BOOKMARK [1][-]{section.5}{\376\377\232\214\213\301\377\032\121\167\117\123\117\213\123\345\122\006\147\220}{}% 13
\BOOKMARK [2][-]{subsection.5.1}{\376\377\000T\000o\000p\000-\0001\0000\147\000\143\245\217\321\000A\000I\151\202\137\365\166\204\123\345\133\120}{section.5}% 14
\BOOKMARK [2][-]{subsection.5.2}{\376\377\000B\000o\000t\000t\000o\000m\000-\0005\147\000\217\334\171\273\000A\000I\151\202\137\365\166\204\123\345\133\120}{section.5}% 15
\BOOKMARK [2][-]{subsection.5.3}{\376\377\143\011\126\333\176\364\136\246\166\204\147\000\232\330\137\227\122\006\117\213\123\345}{section.5}% 16
\BOOKMARK [1][-]{section.6}{\376\377\213\250\213\272}{}% 17
\BOOKMARK [2][-]{subsection.6.1}{\376\377\121\163\225\056\123\321\163\260}{section.6}% 18
\BOOKMARK [2][-]{subsection.6.2}{\376\377\145\271\154\325\213\304\117\060\116\016\134\100\226\120}{section.6}% 19
\BOOKMARK [1][-]{section.7}{\376\377\176\323\213\272}{}% 20
